<?xml version="1.0" encoding="UTF-8"?>
<!-- Generated by org.testng.reporters.JUnitXMLReporter -->
<testsuite ignored="0" hostname="C_Name" failures="0" tests="1" name="SampleTest" time="1.323" errors="0" timestamp="2023-07-14T00:12:27 IST">
  <testcase classname="com.mavenproject.AutomationApplications" name="@BeforeClass launchBrowser" time="1.258">
    <failure type="org.openqa.selenium.remote.NoSuchDriverException" message="chromedriver located at C:\Windows\system32\config\systemprofile\.cache\selenium\chromedriver\win32\114.0.5735.90\chromedriver.exe, but invalid
For documentation on this error, please visit: https://www.selenium.dev/documentation/webdriver/troubleshooting/errors/driver_location/
Build info: version: &amp;apos;4.10.0&amp;apos;, revision: &amp;apos;c14d967899&amp;apos;
System info: os.name: &amp;apos;Windows 10&amp;apos;, os.arch: &amp;apos;amd64&amp;apos;, os.version: &amp;apos;10.0&amp;apos;, java.version: &amp;apos;11.0.13&amp;apos;
Driver info: driver.version: ChromeDriver">
      <![CDATA[org.openqa.selenium.remote.NoSuchDriverException: chromedriver located at C:\Windows\system32\config\systemprofile\.cache\selenium\chromedriver\win32\114.0.5735.90\chromedriver.exe, but invalid
For documentation on this error, please visit: https://www.selenium.dev/documentation/webdriver/troubleshooting/errors/driver_location/
Build info: version: '4.10.0', revision: 'c14d967899'
System info: os.name: 'Windows 10', os.arch: 'amd64', os.version: '10.0', java.version: '11.0.13'
Driver info: driver.version: ChromeDriver
at org.openqa.selenium.remote.service.DriverFinder.getPath(DriverFinder.java:45)
at org.openqa.selenium.chrome.ChromeDriver.generateExecutor(ChromeDriver.java:98)
at org.openqa.selenium.chrome.ChromeDriver.<init>(ChromeDriver.java:87)
at org.openqa.selenium.chrome.ChromeDriver.<init>(ChromeDriver.java:82)
at org.openqa.selenium.chrome.ChromeDriver.<init>(ChromeDriver.java:50)
at com.mavenproject.AutomationApplications.launchBrowser(AutomationApplications.java:22)
at java.base/java.util.ArrayList.forEach(ArrayList.java:1541)
... Removed 29 stack frames]]>
    </failure>
  </testcase> <!-- @BeforeClass launchBrowser -->
  <testcase classname="com.mavenproject.AutomationApplications" name="navigateUrl" time="0.0">
    <skipped/>
  </testcase> <!-- navigateUrl -->
</testsuite> <!-- SampleTest -->
